# JRE version: OpenJDK Runtime Environment (11.0+28) (build 11+28)
# Java VM: OpenJDK 64-Bit Server VM (11+28, mixed mode, tiered, compressed oops, g1 gc, windows-amd64)
Heap:
 garbage-first heap   total 115712K, used 45561K [0x00000000c0e00000, 0x0000000100000000)
  region size 1024K, 9 young (9216K), 1 survivors (1024K)
 Metaspace       used 37036K, capacity 38022K, committed 38144K, reserved 1083392K
  class space    used 3930K, capacity 4309K, committed 4352K, reserved 1048576K
GC Heap History (10 events):
Event: 12.539 GC heap before
{Heap before GC invocations=17 (full 0):
 garbage-first heap   total 115712K, used 55589K [0x00000000c0e00000, 0x0000000100000000)
  region size 1024K, 5 young (5120K), 3 survivors (3072K)
 Metaspace       used 34068K, capacity 34957K, committed 35200K, reserved 1081344K
  class space    used 3576K, capacity 3928K, committed 3968K, reserved 1048576K
}
Event: 12.548 GC heap after
{Heap after GC invocations=18 (full 0):
 garbage-first heap   total 115712K, used 53650K [0x00000000c0e00000, 0x0000000100000000)
  region size 1024K, 1 young (1024K), 1 survivors (1024K)
 Metaspace       used 34068K, capacity 34957K, committed 35200K, reserved 1081344K
  class space    used 3576K, capacity 3928K, committed 3968K, reserved 1048576K
}
Event: 29.428 GC heap before
{Heap before GC invocations=18 (full 0):
 garbage-first heap   total 115712K, used 77202K [0x00000000c0e00000, 0x0000000100000000)
  region size 1024K, 24 young (24576K), 1 survivors (1024K)
 Metaspace       used 35105K, capacity 36026K, committed 36096K, reserved 1081344K
  class space    used 3677K, capacity 4030K, committed 4096K, reserved 1048576K
}
Event: 29.434 GC heap after
{Heap after GC invocations=19 (full 0):
 garbage-first heap   total 115712K, used 53712K [0x00000000c0e00000, 0x0000000100000000)
  region size 1024K, 1 young (1024K), 1 survivors (1024K)
 Metaspace       used 35105K, capacity 36026K, committed 36096K, reserved 1081344K
  class space    used 3677K, capacity 4030K, committed 4096K, reserved 1048576K
}
Event: 30.595 GC heap before
{Heap before GC invocations=20 (full 0):
 garbage-first heap   total 115712K, used 77264K [0x00000000c0e00000, 0x0000000100000000)
  region size 1024K, 26 young (26624K), 1 survivors (1024K)
 Metaspace       used 36345K, capacity 37325K, committed 37632K, reserved 1083392K
  class space    used 3854K, capacity 4270K, committed 4352K, reserved 1048576K
}
Event: 30.601 GC heap after
{Heap after GC invocations=21 (full 0):
 garbage-first heap   total 115712K, used 52361K [0x00000000c0e00000, 0x0000000100000000)
  region size 1024K, 2 young (2048K), 2 survivors (2048K)
 Metaspace       used 36345K, capacity 37325K, committed 37632K, reserved 1083392K
  class space    used 3854K, capacity 4270K, committed 4352K, reserved 1048576K
}
Event: 30.733 GC heap before
{Heap before GC invocations=21 (full 0):
 garbage-first heap   total 115712K, used 80009K [0x00000000c0e00000, 0x0000000100000000)
  region size 1024K, 5 young (5120K), 2 survivors (2048K)
 Metaspace       used 36940K, capacity 37933K, committed 38144K, reserved 1083392K
  class space    used 3924K, capacity 4302K, committed 4352K, reserved 1048576K
}
Event: 30.748 GC heap after
{Heap after GC invocations=22 (full 0):
 garbage-first heap   total 115712K, used 41994K [0x00000000c0e00000, 0x0000000100000000)
  region size 1024K, 1 young (1024K), 1 survivors (1024K)
 Metaspace       used 36940K, capacity 37933K, committed 38144K, reserved 1083392K
  class space    used 3924K, capacity 4302K, committed 4352K, reserved 1048576K
}
Event: 30.857 GC heap before
{Heap before GC invocations=22 (full 0):
 garbage-first heap   total 115712K, used 46090K [0x00000000c0e00000, 0x0000000100000000)
  region size 1024K, 5 young (5120K), 1 survivors (1024K)
 Metaspace       used 36947K, capacity 37933K, committed 38144K, reserved 1083392K
  class space    used 3924K, capacity 4302K, committed 4352K, reserved 1048576K
}
Event: 30.873 GC heap after
{Heap after GC invocations=23 (full 0):
 garbage-first heap   total 115712K, used 38393K [0x00000000c0e00000, 0x0000000100000000)
  region size 1024K, 1 young (1024K), 1 survivors (1024K)
 Metaspace       used 36947K, capacity 37933K, committed 38144K, reserved 1083392K
  class space    used 3924K, capacity 4302K, committed 4352K, reserved 1048576K
}

